<?xml version="1.0" encoding="UTF-8"?>
<!-- Generated by org.testng.reporters.JUnitXMLReporter -->
<testsuite hostname="Yuliya-ПК" name="Default test" tests="4" failures="0" timestamp="24 May 2014 20:13:56 GMT" time="52.592" errors="0">
  <testcase name="testEmptyGroupCreation" time="5.675" classname="com.example.tests.GroupCreationTests"/>
  <testcase name="testNonEmptyGroupCreation" time="3.77" classname="com.example.tests.GroupCreationTests"/>
  <testcase name="testEmptyContactCreation" time="5.422" classname="com.example.tests.ContactCreationTests"/>
  <testcase name="testNonEmptyContactCreation" time="6.678" classname="com.example.tests.ContactCreationTests"/>
</testsuite> <!-- Default test -->
