<?xml version="1.0" encoding="UTF-8"?>
<!-- Generated by org.testng.reporters.JUnitXMLReporter -->
<testsuite hostname="Yuliya-ПК" name="Default test" tests="4" failures="0" timestamp="19 May 2014 20:58:51 GMT" time="52.158" errors="0">
  <testcase name="testEmptyGroupCreation" time="5.529" classname="com.example.tests.GroupCreationTests"/>
  <testcase name="testNonEmptyGroupCreation" time="3.802" classname="com.example.tests.GroupCreationTests"/>
  <testcase name="testEmptyContactCreation" time="5.43" classname="com.example.tests.ContactCreationTests"/>
  <testcase name="testNonEmptyContactCreation" time="6.193" classname="com.example.tests.ContactCreationTests"/>
</testsuite> <!-- Default test -->
